2013-03-17 19:39:40 Error: [MissingControllerException] Controller class CssController could not be found.
Exception Attributes: array (
  'class' => 'CssController',
  'plugin' => NULL,
)
Request URL: /cakephptest/index.php/css/css/cake.generic.css
Stack Trace:
#0 /var/www/cakephptest/app/webroot/index.php(109): Dispatcher->dispatch(Object(CakeRequest), Object(CakeResponse))
#1 /var/www/cakephptest/index.php(43): require('/var/www/cakeph...')
#2 {main}
2013-03-17 19:39:40 Error: [MissingControllerException] Controller class CssController could not be found.
Exception Attributes: array (
  'class' => 'CssController',
  'plugin' => NULL,
)
Request URL: /cakephptest/index.php/css/css/css/css/cake.generic.css
Stack Trace:
#0 /var/www/cakephptest/app/webroot/index.php(109): Dispatcher->dispatch(Object(CakeRequest), Object(CakeResponse))
#1 /var/www/cakephptest/index.php(43): require('/var/www/cakeph...')
#2 {main}
2013-03-17 19:39:40 Error: [MissingControllerException] Controller class CssController could not be found.
Exception Attributes: array (
  'class' => 'CssController',
  'plugin' => NULL,
)
Request URL: /cakephptest/index.php/css/img/css/img/cake.power.gif
Stack Trace:
#0 /var/www/cakephptest/app/webroot/index.php(109): Dispatcher->dispatch(Object(CakeRequest), Object(CakeResponse))
#1 /var/www/cakephptest/index.php(43): require('/var/www/cakeph...')
#2 {main}
2013-03-17 19:39:40 Error: [MissingControllerException] Controller class CssController could not be found.
Exception Attributes: array (
  'class' => 'CssController',
  'plugin' => NULL,
)
Request URL: /cakephptest/index.php/css/css/favicon.ico
Stack Trace:
#0 /var/www/cakephptest/app/webroot/index.php(109): Dispatcher->dispatch(Object(CakeRequest), Object(CakeResponse))
#1 /var/www/cakephptest/index.php(43): require('/var/www/cakeph...')
#2 {main}
2013-03-17 21:12:30 Error: [MissingControllerException] Controller class CssController could not be found.
Exception Attributes: array (
  'class' => 'CssController',
  'plugin' => NULL,
)
Request URL: /cakephptest/index.php/css/css/cake.generic.css
Stack Trace:
#0 /var/www/cakephptest/app/webroot/index.php(109): Dispatcher->dispatch(Object(CakeRequest), Object(CakeResponse))
#1 /var/www/cakephptest/index.php(43): require('/var/www/cakeph...')
#2 {main}
2013-03-17 21:12:30 Error: [MissingControllerException] Controller class CssController could not be found.
Exception Attributes: array (
  'class' => 'CssController',
  'plugin' => NULL,
)
Request URL: /cakephptest/index.php/css/css/css/css/cake.generic.css
Stack Trace:
#0 /var/www/cakephptest/app/webroot/index.php(109): Dispatcher->dispatch(Object(CakeRequest), Object(CakeResponse))
#1 /var/www/cakephptest/index.php(43): require('/var/www/cakeph...')
#2 {main}
2013-03-17 21:12:30 Error: [MissingControllerException] Controller class CssController could not be found.
Exception Attributes: array (
  'class' => 'CssController',
  'plugin' => NULL,
)
Request URL: /cakephptest/index.php/css/img/css/img/cake.power.gif
Stack Trace:
#0 /var/www/cakephptest/app/webroot/index.php(109): Dispatcher->dispatch(Object(CakeRequest), Object(CakeResponse))
#1 /var/www/cakephptest/index.php(43): require('/var/www/cakeph...')
#2 {main}
2013-03-17 21:12:30 Error: [MissingControllerException] Controller class CssController could not be found.
Exception Attributes: array (
  'class' => 'CssController',
  'plugin' => NULL,
)
Request URL: /cakephptest/index.php/css/css/favicon.ico
Stack Trace:
#0 /var/www/cakephptest/app/webroot/index.php(109): Dispatcher->dispatch(Object(CakeRequest), Object(CakeResponse))
#1 /var/www/cakephptest/index.php(43): require('/var/www/cakeph...')
#2 {main}
2013-03-18 12:50:14 Error: [MissingViewException] View file "/var/www/cakephptest/app/View/Posts/view.ctp" is missing.
Exception Attributes: array (
  'file' => '/var/www/cakephptest/app/View/Posts/view.ctp',
)
Request URL: /cakephptest/posts/view/1
Stack Trace:
#0 /var/www/cakephptest/lib/Cake/View/View.php(468): View->_getViewFileName(NULL)
#1 /var/www/cakephptest/lib/Cake/Controller/Controller.php(948): View->render(NULL, NULL)
#2 /var/www/cakephptest/lib/Cake/Routing/Dispatcher.php(194): Controller->render()
#3 /var/www/cakephptest/lib/Cake/Routing/Dispatcher.php(162): Dispatcher->_invoke(Object(PostsController), Object(CakeRequest), Object(CakeResponse))
#4 /var/www/cakephptest/app/webroot/index.php(109): Dispatcher->dispatch(Object(CakeRequest), Object(CakeResponse))
#5 {main}
